# JRE version: Java(TM) SE Runtime Environment (8.0_201-b09) (build 1.8.0_201-b09)
# Java VM: Java HotSpot(TM) 64-Bit Server VM (25.201-b09 mixed mode windows-amd64 compressed oops)
Heap:
 PSYoungGen      total 128512K, used 19079K [0x00000000eab00000, 0x00000000f3e80000, 0x0000000100000000)
  eden space 111616K, 1% used [0x00000000eab00000,0x00000000ead24230,0x00000000f1800000)
  from space 16896K, 99% used [0x00000000f1800000,0x00000000f287d9e8,0x00000000f2880000)
  to   space 14848K, 0% used [0x00000000f2880000,0x00000000f2880000,0x00000000f3700000)
 ParOldGen       total 97792K, used 20311K [0x00000000c0000000, 0x00000000c5f80000, 0x00000000eab00000)
  object space 97792K, 20% used [0x00000000c0000000,0x00000000c13d5df8,0x00000000c5f80000)
 Metaspace       used 56494K, capacity 57642K, committed 57776K, reserved 1099776K
  class space    used 7705K, capacity 8070K, committed 8112K, reserved 1048576K
GC Heap History (10 events):
Event: 15.409 GC heap before
{Heap before GC invocations=11 (full 2):
 PSYoungGen      total 83968K, used 11237K [0x00000000eab00000, 0x00000000f1d00000, 0x0000000100000000)
  eden space 72704K, 0% used [0x00000000eab00000,0x00000000eab00000,0x00000000ef200000)
  from space 11264K, 99% used [0x00000000ef200000,0x00000000efcf9470,0x00000000efd00000)
  to   space 12800K, 0% used [0x00000000f1080000,0x00000000f1080000,0x00000000f1d00000)
 ParOldGen       total 64000K, used 9579K [0x00000000c0000000, 0x00000000c3e80000, 0x00000000eab00000)
  object space 64000K, 14% used [0x00000000c0000000,0x00000000c095afc8,0x00000000c3e80000)
 Metaspace       used 34626K, capacity 35204K, committed 35496K, reserved 1079296K
  class space    used 4848K, capacity 5078K, committed 5168K, reserved 1048576K
Event: 15.477 GC heap after
Heap after GC invocations=11 (full 2):
 PSYoungGen      total 83968K, used 0K [0x00000000eab00000, 0x00000000f1d00000, 0x0000000100000000)
  eden space 72704K, 0% used [0x00000000eab00000,0x00000000eab00000,0x00000000ef200000)
  from space 11264K, 0% used [0x00000000ef200000,0x00000000ef200000,0x00000000efd00000)
  to   space 12800K, 0% used [0x00000000f1080000,0x00000000f1080000,0x00000000f1d00000)
 ParOldGen       total 97792K, used 18090K [0x00000000c0000000, 0x00000000c5f80000, 0x00000000eab00000)
  object space 97792K, 18% used [0x00000000c0000000,0x00000000c11aaba8,0x00000000c5f80000)
 Metaspace       used 34578K, capacity 35084K, committed 35496K, reserved 1079296K
  class space    used 4833K, capacity 5038K, committed 5168K, reserved 1048576K
}
Event: 16.649 GC heap before
{Heap before GC invocations=12 (full 2):
 PSYoungGen      total 83968K, used 72704K [0x00000000eab00000, 0x00000000f1d00000, 0x0000000100000000)
  eden space 72704K, 100% used [0x00000000eab00000,0x00000000ef200000,0x00000000ef200000)
  from space 11264K, 0% used [0x00000000ef200000,0x00000000ef200000,0x00000000efd00000)
  to   space 12800K, 0% used [0x00000000f1080000,0x00000000f1080000,0x00000000f1d00000)
 ParOldGen       total 97792K, used 18090K [0x00000000c0000000, 0x00000000c5f80000, 0x00000000eab00000)
  object space 97792K, 18% used [0x00000000c0000000,0x00000000c11aaba8,0x00000000c5f80000)
 Metaspace       used 43439K, capacity 44132K, committed 44720K, reserved 1087488K
  class space    used 5922K, capacity 6193K, committed 6320K, reserved 1048576K
Event: 16.657 GC heap after
Heap after GC invocations=12 (full 2):
 PSYoungGen      total 102912K, used 11152K [0x00000000eab00000, 0x00000000f2180000, 0x0000000100000000)
  eden space 90112K, 0% used [0x00000000eab00000,0x00000000eab00000,0x00000000f0300000)
  from space 12800K, 87% used [0x00000000f1080000,0x00000000f1b64168,0x00000000f1d00000)
  to   space 13824K, 0% used [0x00000000f0300000,0x00000000f0300000,0x00000000f1080000)
 ParOldGen       total 97792K, used 18098K [0x00000000c0000000, 0x00000000c5f80000, 0x00000000eab00000)
  object space 97792K, 18% used [0x00000000c0000000,0x00000000c11acba8,0x00000000c5f80000)
 Metaspace       used 43439K, capacity 44132K, committed 44720K, reserved 1087488K
  class space    used 5922K, capacity 6193K, committed 6320K, reserved 1048576K
}
Event: 18.784 GC heap before
{Heap before GC invocations=13 (full 2):
 PSYoungGen      total 102912K, used 101264K [0x00000000eab00000, 0x00000000f2180000, 0x0000000100000000)
  eden space 90112K, 100% used [0x00000000eab00000,0x00000000f0300000,0x00000000f0300000)
  from space 12800K, 87% used [0x00000000f1080000,0x00000000f1b64168,0x00000000f1d00000)
  to   space 13824K, 0% used [0x00000000f0300000,0x00000000f0300000,0x00000000f1080000)
 ParOldGen       total 97792K, used 18098K [0x00000000c0000000, 0x00000000c5f80000, 0x00000000eab00000)
  object space 97792K, 18% used [0x00000000c0000000,0x00000000c11acba8,0x00000000c5f80000)
 Metaspace       used 46573K, capacity 47468K, committed 47920K, reserved 1091584K
  class space    used 6374K, capacity 6693K, committed 6704K, reserved 1048576K
Event: 18.792 GC heap after
Heap after GC invocations=13 (full 2):
 PSYoungGen      total 103936K, used 12417K [0x00000000eab00000, 0x00000000f3700000, 0x0000000100000000)
  eden space 90112K, 0% used [0x00000000eab00000,0x00000000eab00000,0x00000000f0300000)
  from space 13824K, 89% used [0x00000000f0300000,0x00000000f0f204f0,0x00000000f1080000)
  to   space 14848K, 0% used [0x00000000f2880000,0x00000000f2880000,0x00000000f3700000)
 ParOldGen       total 97792K, used 18106K [0x00000000c0000000, 0x00000000c5f80000, 0x00000000eab00000)
  object space 97792K, 18% used [0x00000000c0000000,0x00000000c11aeba8,0x00000000c5f80000)
 Metaspace       used 46573K, capacity 47468K, committed 47920K, reserved 1091584K
  class space    used 6374K, capacity 6693K, committed 6704K, reserved 1048576K
}
Event: 19.382 GC heap before
{Heap before GC invocations=14 (full 2):
 PSYoungGen      total 103936K, used 102529K [0x00000000eab00000, 0x00000000f3700000, 0x0000000100000000)
  eden space 90112K, 100% used [0x00000000eab00000,0x00000000f0300000,0x00000000f0300000)
  from space 13824K, 89% used [0x00000000f0300000,0x00000000f0f204f0,0x00000000f1080000)
  to   space 14848K, 0% used [0x00000000f2880000,0x00000000f2880000,0x00000000f3700000)
 ParOldGen       total 97792K, used 18106K [0x00000000c0000000, 0x00000000c5f80000, 0x00000000eab00000)
  object space 97792K, 18% used [0x00000000c0000000,0x00000000c11aeba8,0x00000000c5f80000)
 Metaspace       used 51059K, capacity 52030K, committed 52400K, reserved 1093632K
  class space    used 6943K, capacity 7268K, committed 7344K, reserved 1048576K
Event: 19.392 GC heap after
Heap after GC invocations=14 (full 2):
 PSYoungGen      total 126464K, used 14845K [0x00000000eab00000, 0x00000000f3e80000, 0x0000000100000000)
  eden space 111616K, 0% used [0x00000000eab00000,0x00000000eab00000,0x00000000f1800000)
  from space 14848K, 99% used [0x00000000f2880000,0x00000000f36ff768,0x00000000f3700000)
  to   space 16896K, 0% used [0x00000000f1800000,0x00000000f1800000,0x00000000f2880000)
 ParOldGen       total 97792K, used 18231K [0x00000000c0000000, 0x00000000c5f80000, 0x00000000eab00000)
  object space 97792K, 18% used [0x00000000c0000000,0x00000000c11cddc0,0x00000000c5f80000)
 Metaspace       used 51059K, capacity 52030K, committed 52400K, reserved 1093632K
  class space    used 6943K, capacity 7268K, committed 7344K, reserved 1048576K
}
Event: 20.431 GC heap before
{Heap before GC invocations=15 (full 2):
 PSYoungGen      total 126464K, used 126461K [0x00000000eab00000, 0x00000000f3e80000, 0x0000000100000000)
  eden space 111616K, 100% used [0x00000000eab00000,0x00000000f1800000,0x00000000f1800000)
  from space 14848K, 99% used [0x00000000f2880000,0x00000000f36ff768,0x00000000f3700000)
  to   space 16896K, 0% used [0x00000000f1800000,0x00000000f1800000,0x00000000f2880000)
 ParOldGen       total 97792K, used 18231K [0x00000000c0000000, 0x00000000c5f80000, 0x00000000eab00000)
  object space 97792K, 18% used [0x00000000c0000000,0x00000000c11cddc0,0x00000000c5f80000)
 Metaspace       used 56352K, capacity 57468K, committed 57776K, reserved 1099776K
  class space    used 7674K, capacity 8035K, committed 8112K, reserved 1048576K
Event: 20.449 GC heap after
Heap after GC invocations=15 (full 2):
 PSYoungGen      total 128512K, used 16886K [0x00000000eab00000, 0x00000000f3e80000, 0x0000000100000000)
  eden space 111616K, 0% used [0x00000000eab00000,0x00000000eab00000,0x00000000f1800000)
  from space 16896K, 99% used [0x00000000f1800000,0x00000000f287d9e8,0x00000000f2880000)
  to   space 14848K, 0% used [0x00000000f2880000,0x00000000f2880000,0x00000000f3700000)
 ParOldGen       total 97792K, used 20311K [0x00000000c0000000, 0x00000000c5f80000, 0x00000000eab00000)
  object space 97792K, 20% used [0x00000000c0000000,0x00000000c13d5df8,0x00000000c5f80000)
 Metaspace       used 56352K, capacity 57468K, committed 57776K, reserved 1099776K
  class space    used 7674K, capacity 8035K, committed 8112K, reserved 1048576K
}

