# JRE version: Java(TM) SE Runtime Environment (8.0_201-b09) (build 1.8.0_201-b09)
# Java VM: Java HotSpot(TM) 64-Bit Server VM (25.201-b09 mixed mode windows-amd64 compressed oops)
Heap:
 PSYoungGen      total 154624K, used 67429K [0x00000000eab00000, 0x00000000f5100000, 0x0000000100000000)
  eden space 139264K, 39% used [0x00000000eab00000,0x00000000ee07a410,0x00000000f3300000)
  from space 15360K, 82% used [0x00000000f4200000,0x00000000f4e5f300,0x00000000f5100000)
  to   space 15360K, 0% used [0x00000000f3300000,0x00000000f3300000,0x00000000f4200000)
 ParOldGen       total 89600K, used 40454K [0x00000000c0000000, 0x00000000c5780000, 0x00000000eab00000)
  object space 89600K, 45% used [0x00000000c0000000,0x00000000c2781908,0x00000000c5780000)
 Metaspace       used 67565K, capacity 69694K, committed 70040K, reserved 1110016K
  class space    used 9202K, capacity 9800K, committed 9904K, reserved 1048576K
GC Heap History (10 events):
Event: 9.914 GC heap before
{Heap before GC invocations=13 (full 2):
 PSYoungGen      total 117760K, used 117739K [0x00000000eab00000, 0x00000000f2f80000, 0x0000000100000000)
  eden space 105984K, 100% used [0x00000000eab00000,0x00000000f1280000,0x00000000f1280000)
  from space 11776K, 99% used [0x00000000f1f80000,0x00000000f2afafa8,0x00000000f2b00000)
  to   space 13312K, 0% used [0x00000000f1280000,0x00000000f1280000,0x00000000f1f80000)
 ParOldGen       total 89600K, used 18164K [0x00000000c0000000, 0x00000000c5780000, 0x00000000eab00000)
  object space 89600K, 20% used [0x00000000c0000000,0x00000000c11bd3e8,0x00000000c5780000)
 Metaspace       used 47820K, capacity 48786K, committed 49320K, reserved 1091584K
  class space    used 6628K, capacity 6968K, committed 7088K, reserved 1048576K
Event: 9.922 GC heap after
Heap after GC invocations=13 (full 2):
 PSYoungGen      total 119296K, used 13287K [0x00000000eab00000, 0x00000000f5100000, 0x0000000100000000)
  eden space 105984K, 0% used [0x00000000eab00000,0x00000000eab00000,0x00000000f1280000)
  from space 13312K, 99% used [0x00000000f1280000,0x00000000f1f79dc0,0x00000000f1f80000)
  to   space 15360K, 0% used [0x00000000f4200000,0x00000000f4200000,0x00000000f5100000)
 ParOldGen       total 89600K, used 18526K [0x00000000c0000000, 0x00000000c5780000, 0x00000000eab00000)
  object space 89600K, 20% used [0x00000000c0000000,0x00000000c1217b00,0x00000000c5780000)
 Metaspace       used 47820K, capacity 48786K, committed 49320K, reserved 1091584K
  class space    used 6628K, capacity 6968K, committed 7088K, reserved 1048576K
}
Event: 10.616 GC heap before
{Heap before GC invocations=14 (full 2):
 PSYoungGen      total 119296K, used 119271K [0x00000000eab00000, 0x00000000f5100000, 0x0000000100000000)
  eden space 105984K, 100% used [0x00000000eab00000,0x00000000f1280000,0x00000000f1280000)
  from space 13312K, 99% used [0x00000000f1280000,0x00000000f1f79dc0,0x00000000f1f80000)
  to   space 15360K, 0% used [0x00000000f4200000,0x00000000f4200000,0x00000000f5100000)
 ParOldGen       total 89600K, used 18526K [0x00000000c0000000, 0x00000000c5780000, 0x00000000eab00000)
  object space 89600K, 20% used [0x00000000c0000000,0x00000000c1217b00,0x00000000c5780000)
 Metaspace       used 48185K, capacity 49118K, committed 49576K, reserved 1091584K
  class space    used 6645K, capacity 6982K, committed 7088K, reserved 1048576K
Event: 10.622 GC heap after
Heap after GC invocations=14 (full 2):
 PSYoungGen      total 154624K, used 3041K [0x00000000eab00000, 0x00000000f5100000, 0x0000000100000000)
  eden space 139264K, 0% used [0x00000000eab00000,0x00000000eab00000,0x00000000f3300000)
  from space 15360K, 19% used [0x00000000f4200000,0x00000000f44f86d8,0x00000000f5100000)
  to   space 15360K, 0% used [0x00000000f3300000,0x00000000f3300000,0x00000000f4200000)
 ParOldGen       total 89600K, used 28694K [0x00000000c0000000, 0x00000000c5780000, 0x00000000eab00000)
  object space 89600K, 32% used [0x00000000c0000000,0x00000000c1c058b8,0x00000000c5780000)
 Metaspace       used 48185K, capacity 49118K, committed 49576K, reserved 1091584K
  class space    used 6645K, capacity 6982K, committed 7088K, reserved 1048576K
}
Event: 12.525 GC heap before
{Heap before GC invocations=15 (full 2):
 PSYoungGen      total 154624K, used 135962K [0x00000000eab00000, 0x00000000f5100000, 0x0000000100000000)
  eden space 139264K, 95% used [0x00000000eab00000,0x00000000f2cce150,0x00000000f3300000)
  from space 15360K, 19% used [0x00000000f4200000,0x00000000f44f86d8,0x00000000f5100000)
  to   space 15360K, 0% used [0x00000000f3300000,0x00000000f3300000,0x00000000f4200000)
 ParOldGen       total 89600K, used 28694K [0x00000000c0000000, 0x00000000c5780000, 0x00000000eab00000)
  object space 89600K, 32% used [0x00000000c0000000,0x00000000c1c058b8,0x00000000c5780000)
 Metaspace       used 57774K, capacity 59116K, committed 59160K, reserved 1099776K
  class space    used 8046K, capacity 8489K, committed 8496K, reserved 1048576K
Event: 12.535 GC heap after
Heap after GC invocations=15 (full 2):
 PSYoungGen      total 154624K, used 15359K [0x00000000eab00000, 0x00000000f5100000, 0x0000000100000000)
  eden space 139264K, 0% used [0x00000000eab00000,0x00000000eab00000,0x00000000f3300000)
  from space 15360K, 99% used [0x00000000f3300000,0x00000000f41ffe10,0x00000000f4200000)
  to   space 15360K, 0% used [0x00000000f4200000,0x00000000f4200000,0x00000000f5100000)
 ParOldGen       total 89600K, used 29906K [0x00000000c0000000, 0x00000000c5780000, 0x00000000eab00000)
  object space 89600K, 33% used [0x00000000c0000000,0x00000000c1d34978,0x00000000c5780000)
 Metaspace       used 57774K, capacity 59116K, committed 59160K, reserved 1099776K
  class space    used 8046K, capacity 8489K, committed 8496K, reserved 1048576K
}
Event: 12.535 GC heap before
{Heap before GC invocations=16 (full 3):
 PSYoungGen      total 154624K, used 15359K [0x00000000eab00000, 0x00000000f5100000, 0x0000000100000000)
  eden space 139264K, 0% used [0x00000000eab00000,0x00000000eab00000,0x00000000f3300000)
  from space 15360K, 99% used [0x00000000f3300000,0x00000000f41ffe10,0x00000000f4200000)
  to   space 15360K, 0% used [0x00000000f4200000,0x00000000f4200000,0x00000000f5100000)
 ParOldGen       total 89600K, used 29906K [0x00000000c0000000, 0x00000000c5780000, 0x00000000eab00000)
  object space 89600K, 33% used [0x00000000c0000000,0x00000000c1d34978,0x00000000c5780000)
 Metaspace       used 57774K, capacity 59116K, committed 59160K, reserved 1099776K
  class space    used 8046K, capacity 8489K, committed 8496K, reserved 1048576K
Event: 12.672 GC heap after
Heap after GC invocations=16 (full 3):
 PSYoungGen      total 154624K, used 0K [0x00000000eab00000, 0x00000000f5100000, 0x0000000100000000)
  eden space 139264K, 0% used [0x00000000eab00000,0x00000000eab00000,0x00000000f3300000)
  from space 15360K, 0% used [0x00000000f3300000,0x00000000f3300000,0x00000000f4200000)
  to   space 15360K, 0% used [0x00000000f4200000,0x00000000f4200000,0x00000000f5100000)
 ParOldGen       total 89600K, used 40446K [0x00000000c0000000, 0x00000000c5780000, 0x00000000eab00000)
  object space 89600K, 45% used [0x00000000c0000000,0x00000000c277f908,0x00000000c5780000)
 Metaspace       used 57774K, capacity 59116K, committed 59160K, reserved 1099776K
  class space    used 8046K, capacity 8489K, committed 8496K, reserved 1048576K
}
Event: 36.166 GC heap before
{Heap before GC invocations=17 (full 3):
 PSYoungGen      total 154624K, used 139264K [0x00000000eab00000, 0x00000000f5100000, 0x0000000100000000)
  eden space 139264K, 100% used [0x00000000eab00000,0x00000000f3300000,0x00000000f3300000)
  from space 15360K, 0% used [0x00000000f3300000,0x00000000f3300000,0x00000000f4200000)
  to   space 15360K, 0% used [0x00000000f4200000,0x00000000f4200000,0x00000000f5100000)
 ParOldGen       total 89600K, used 40446K [0x00000000c0000000, 0x00000000c5780000, 0x00000000eab00000)
  object space 89600K, 45% used [0x00000000c0000000,0x00000000c277f908,0x00000000c5780000)
 Metaspace       used 64376K, capacity 66354K, committed 66456K, reserved 1105920K
  class space    used 8742K, capacity 9346K, committed 9392K, reserved 1048576K
Event: 36.175 GC heap after
Heap after GC invocations=17 (full 3):
 PSYoungGen      total 154624K, used 12668K [0x00000000eab00000, 0x00000000f5100000, 0x0000000100000000)
  eden space 139264K, 0% used [0x00000000eab00000,0x00000000eab00000,0x00000000f3300000)
  from space 15360K, 82% used [0x00000000f4200000,0x00000000f4e5f300,0x00000000f5100000)
  to   space 15360K, 0% used [0x00000000f3300000,0x00000000f3300000,0x00000000f4200000)
 ParOldGen       total 89600K, used 40454K [0x00000000c0000000, 0x00000000c5780000, 0x00000000eab00000)
  object space 89600K, 45% used [0x00000000c0000000,0x00000000c2781908,0x00000000c5780000)
 Metaspace       used 64376K, capacity 66354K, committed 66456K, reserved 1105920K
  class space    used 8742K, capacity 9346K, committed 9392K, reserved 1048576K
}

